<?xml version="1.0" encoding="UTF-8"?>
<coverage generated="1706175544518" clover="3.2.0">
  <project timestamp="1706175544518" name="All files">
    <metrics statements="21" coveredstatements="21" conditionals="7" coveredconditionals="7" methods="9" coveredmethods="9" elements="37" coveredelements="37" complexity="0" loc="21" ncloc="21" packages="2" files="3" classes="3"/>
    <package name="src">
      <metrics statements="14" coveredstatements="14" conditionals="5" coveredconditionals="5" methods="7" coveredmethods="7"/>
      <file name="queue.ts" path="/workspaces/e3fs-tutorials/tsdev/src/queue.ts">
        <metrics statements="14" coveredstatements="14" conditionals="5" coveredconditionals="5" methods="7" coveredmethods="7"/>
        <line num="1" count="1" type="stmt"/>
        <line num="2" count="1" type="stmt"/>
        <line num="4" count="1" type="stmt"/>
        <line num="5" count="66" type="stmt"/>
        <line num="6" count="66" type="stmt"/>
        <line num="10" count="116" type="cond" truecount="2" falsecount="0"/>
        <line num="11" count="114" type="stmt"/>
        <line num="13" count="2" type="stmt"/>
        <line num="18" count="20" type="stmt"/>
        <line num="21" count="1" type="stmt"/>
        <line num="24" count="7" type="stmt"/>
        <line num="27" count="11" type="cond" truecount="3" falsecount="0"/>
        <line num="28" count="11" type="stmt"/>
        <line num="32" count="1" type="stmt"/>
      </file>
    </package>
    <package name="src.Queue">
      <metrics statements="7" coveredstatements="7" conditionals="2" coveredconditionals="2" methods="2" coveredmethods="2"/>
      <file name="AbstractQueue.ts" path="/workspaces/e3fs-tutorials/tsdev/src/Queue/AbstractQueue.ts">
        <metrics statements="1" coveredstatements="1" conditionals="0" coveredconditionals="0" methods="0" coveredmethods="0"/>
        <line num="4" count="1" type="stmt"/>
      </file>
      <file name="Queue.interface.ts" path="/workspaces/e3fs-tutorials/tsdev/src/Queue/Queue.interface.ts">
        <metrics statements="6" coveredstatements="6" conditionals="2" coveredconditionals="2" methods="2" coveredmethods="2"/>
        <line num="10" count="1" type="cond" truecount="2" falsecount="0"/>
        <line num="11" count="1" type="stmt"/>
        <line num="14" count="1" type="stmt"/>
        <line num="16" count="2" type="stmt"/>
        <line num="17" count="2" type="stmt"/>
        <line num="18" count="2" type="stmt"/>
      </file>
    </package>
  </project>
</coverage>
