TN:
SF:src/queue.ts
FN:4,(anonymous_0)
FN:9,(anonymous_1)
FN:17,(anonymous_2)
FN:20,(anonymous_3)
FN:23,(anonymous_4)
FN:26,(anonymous_5)
FN:31,(anonymous_6)
FNF:7
FNH:7
FNDA:66,(anonymous_0)
FNDA:116,(anonymous_1)
FNDA:20,(anonymous_2)
FNDA:1,(anonymous_3)
FNDA:7,(anonymous_4)
FNDA:11,(anonymous_5)
FNDA:1,(anonymous_6)
DA:1,1
DA:2,1
DA:4,1
DA:5,66
DA:6,66
DA:10,116
DA:11,114
DA:13,2
DA:18,20
DA:21,1
DA:24,7
DA:27,11
DA:28,11
DA:32,1
LF:14
LH:14
BRDA:10,0,0,114
BRDA:10,0,1,2
BRDA:27,1,0,11
BRDA:27,2,0,11
BRDA:27,2,1,11
BRF:5
BRH:5
end_of_record
TN:
SF:src/Queue/AbstractQueue.ts
FNF:0
FNH:0
DA:4,1
LF:1
LH:1
BRF:0
BRH:0
end_of_record
TN:
SF:src/Queue/Queue.interface.ts
FN:10,(anonymous_0)
FN:15,(anonymous_1)
FNF:2
FNH:2
FNDA:1,(anonymous_0)
FNDA:2,(anonymous_1)
DA:10,1
DA:11,1
DA:14,1
DA:16,2
DA:17,2
DA:18,2
LF:6
LH:6
BRDA:10,0,0,1
BRDA:10,0,1,1
BRF:2
BRH:2
end_of_record
